生成启动时间为 2013/6/17 15:46:19。
     1>项目“E:\code\myproject\GameStudy-svn\HyGame\HyGame\HyGame.vcxproj”在节点 2 上(Build 个目标)。
     1>ClCompile:
         D:\Program Files\Microsoft\Microsoft Visual Studio 11.0\VC\bin\CL.exe /c /ZI /nologo /W3 /WX- /sdl /Od /Oy- /D _MBCS /Gm /EHsc /RTC1 /MDd /GS /fp:precise /Zc:wchar_t /Zc:forScope /Fo"Debug\\" /Fd"Debug\vc110.pdb" /Gd /TP /analyze- /errorReport:prompt Main.cpp
         Main.cpp
       Link:
         D:\Program Files\Microsoft\Microsoft Visual Studio 11.0\VC\bin\link.exe /ERRORREPORT:PROMPT /OUT:"E:\code\myproject\GameStudy-svn\HyGame\Debug\HyGame.exe" /INCREMENTAL /NOLOGO kernel32.lib user32.lib gdi32.lib winspool.lib comdlg32.lib advapi32.lib shell32.lib ole32.lib oleaut32.lib uuid.lib odbc32.lib odbccp32.lib /MANIFEST /MANIFESTUAC:"level='asInvoker' uiAccess='false'" /manifest:embed /DEBUG /PDB:"E:\code\myproject\GameStudy-svn\HyGame\Debug\HyGame.pdb" /TLBID:1 /DYNAMICBASE /NXCOMPAT /IMPLIB:"E:\code\myproject\GameStudy-svn\HyGame\Debug\HyGame.lib" /MACHINE:X86 Debug\tinyxml.obj
         Debug\tinyxmlerror.obj
         Debug\tinyxmlparser.obj
         Debug\GameController.obj
         Debug\GameEngine.obj
         Debug\GraphicsEngine.obj
         Debug\InputEngine.obj
         Debug\ScreenEngine.obj
         Debug\TextureEngine.obj
         Debug\Helper.obj
         Debug\Main.obj
         Debug\TextureObject.obj
         Debug\MenuScreen.obj
         Debug\TexturePool.obj
         Debug\XMLList.obj
         Debug\XMLTextureParse.obj
         HyGame.vcxproj -> E:\code\myproject\GameStudy-svn\HyGame\Debug\HyGame.exe
     1>已完成生成项目“E:\code\myproject\GameStudy-svn\HyGame\HyGame\HyGame.vcxproj”(Build 个目标)的操作。

生成成功。

已用时间 00:00:03.10
